#-----------------------------------------------------------
# Vivado v2018.1 (64-bit)
# SW Build 2188600 on Wed Apr  4 18:40:38 MDT 2018
# IP Build 2185939 on Wed Apr  4 20:55:05 MDT 2018
# Start of session at: Fri Apr 19 14:38:58 2024
# Process ID: 28476
# Current directory: C:/Users/hp/Downloads/Lab 9/Lab 9
# Command line: vivado.exe -gui_launcher_event rodinguilauncherevent56012 C:\Users\hp\Downloads\Lab 9\Lab 9\Lab 9.xpr
# Log file: C:/Users/hp/Downloads/Lab 9/Lab 9/vivado.log
# Journal file: C:/Users/hp/Downloads/Lab 9/Lab 9\vivado.jou
#-----------------------------------------------------------
start_gui
open_project {C:/Users/hp/Downloads/Lab 9/Lab 9/Lab 9.xpr}
Scanning sources...
Finished scanning sources
INFO: [IP_Flow 19-234] Refreshing IP repositories
INFO: [IP_Flow 19-1704] No user IP repositories specified
INFO: [IP_Flow 19-2313] Loaded Vivado IP repository 'C:/Xilinx/Vivado/2018.1/data/ip'.
open_project: Time (s): cpu = 00:00:04 ; elapsed = 00:00:07 . Memory (MB): peak = 980.875 ; gain = 223.305
update_compile_order -fileset sources_1
exit
INFO: [Common 17-206] Exiting Vivado at Fri Apr 19 14:41:10 2024...
in 'C:/Users/hp/Downloads/Lab 9/Lab 9/Lab 9.sim/sim_1/behav/xsim'
INFO: [SIM-utils-51] Simulation object is 'sim_1'
INFO: [SIM-utils-54] Inspecting design source files for 'TB_NanoProcessor' in fileset 'sim_1'...
INFO: [USF-XSim-97] Finding global include files...
INFO: [USF-XSim-98] Fetching design files from 'sim_1'...
INFO: [USF-XSim-2] XSim::Compile design
INFO: [USF-XSim-61] Executing 'COMPILE and ANALYZE' step in 'C:/Users/hp/Downloads/Lab 9/Lab 9/Lab 9.sim/sim_1/behav/xsim'
"xvhdl --incr --relax -prj TB_NanoProcessor_vhdl.prj"
INFO: [USF-XSim-69] 'compile' step finished in '2' seconds
INFO: [USF-XSim-3] XSim::Elaborate design
INFO: [USF-XSim-61] Executing 'ELABORATE' step in 'C:/Users/hp/Downloads/Lab 9/Lab 9/Lab 9.sim/sim_1/behav/xsim'
Vivado Simulator 2018.1
Copyright 1986-1999, 2001-2017 Xilinx, Inc. All Rights Reserved.
Running: C:/Xilinx/Vivado/2018.1/bin/unwrapped/win64.o/xelab.exe -wto 7afbd1882c634727a65e46526c21fe60 --incr --debug typical --relax --mt 2 -L xil_defaultlib -L secureip --snapshot TB_NanoProcessor_behav xil_defaultlib.TB_NanoProcessor -log elaborate.log 
Using 2 slave threads.
Starting static elaboration
Completed static elaboration
INFO: [XSIM 43-4323] No Change in HDL. Linking previously generated obj files to create kernel
INFO: [USF-XSim-69] 'elaborate' step finished in '2' seconds
INFO: [USF-XSim-4] XSim::Simulate design
INFO: [USF-XSim-61] Executing 'SIMULATE' step in 'C:/Users/hp/Downloads/Lab 9/Lab 9/Lab 9.sim/sim_1/behav/xsim'
INFO: [USF-XSim-98] *** Running xsim
   with args "TB_NanoProcessor_behav -key {Behavioral:sim_1:Functional:TB_NanoProcessor} -tclbatch {TB_NanoProcessor.tcl} -log {simulate.log}"
INFO: [USF-XSim-8] Loading simulator feature
Vivado Simulator 2018.1
Time resolution is 1 ps
source TB_NanoProcessor.tcl
# set curr_wave [current_wave_config]
# if { [string length $curr_wave] == 0 } {
#   if { [llength [get_objects]] > 0} {
#     add_wave /
#     set_property needs_save false [current_wave_config]
#   } else {
#      send_msg_id Add_Wave-1 WARNING "No top level signals found. Simulator will start without a wave window. If you want to open a wave window go to 'File->New Waveform Configuration' or type 'create_wave_config' in the TCL console."
#   }
# }
# run 1000ns
INFO: [USF-XSim-96] XSim completed. Design snapshot 'TB_NanoProcessor_behav' loaded.
INFO: [USF-XSim-97] XSim simulation ran for 1000ns
launch_simulation: Time (s): cpu = 00:00:01 ; elapsed = 00:00:06 . Memory (MB): peak = 1010.777 ; gain = 19.090
run 1000 ns
close_sim
INFO: [Simtcl 6-16] Simulation closed
exit
INFO: [Common 17-206] Exiting Vivado at Fri Apr 19 14:41:07 2024...
