#-----------------------------------------------------------
# Vivado v2018.1 (64-bit)
# SW Build 2188600 on Wed Apr  4 18:40:38 MDT 2018
# IP Build 2185939 on Wed Apr  4 20:55:05 MDT 2018
# Start of session at: Thu Apr 25 11:50:07 2024
# Process ID: 21204
# Current directory: C:/Users/hp/Downloads/nano/Lab 9/Lab 9
# Command line: vivado.exe -gui_launcher_event rodinguilauncherevent2788 C:\Users\hp\Downloads\nano\Lab 9\Lab 9\Lab 9.xpr
# Log file: C:/Users/hp/Downloads/nano/Lab 9/Lab 9/vivado.log
# Journal file: C:/Users/hp/Downloads/nano/Lab 9/Lab 9\vivado.jou
#-----------------------------------------------------------
start_gui
open_project {C:/Users/hp/Downloads/nano/Lab 9/Lab 9/Lab 9.xpr}
Scanning sources...
Finished scanning sources
INFO: [IP_Flow 19-234] Refreshing IP repositories
INFO: [IP_Flow 19-1704] No user IP repositories specified
INFO: [IP_Flow 19-2313] Loaded Vivado IP repository 'C:/Xilinx/Vivado/2018.1/data/ip'.
open_project: Time (s): cpu = 00:00:07 ; elapsed = 00:00:15 . Memory (MB): peak = 904.559 ; gain = 146.117
update_compile_order -fileset sources_1
open_run impl_1
INFO: [Netlist 29-17] Analyzing 11 Unisim elements for replacement
INFO: [Netlist 29-28] Unisim Transformation completed in 0 CPU seconds
INFO: [Project 1-479] Netlist was created with Vivado 2018.1
INFO: [Device 21-403] Loading part xc7a35tcpg236-1
INFO: [Project 1-570] Preparing netlist for logic optimization
INFO: [Timing 38-478] Restoring timing data from binary archive.
INFO: [Timing 38-479] Binary timing data restore complete.
INFO: [Project 1-856] Restoring constraints from binary archive.
INFO: [Project 1-853] Binary constraint restore complete.
Reading XDEF placement.
Reading placer database...
Reading XDEF routing.
Read XDEF File: Time (s): cpu = 00:00:00 ; elapsed = 00:00:00.111 . Memory (MB): peak = 1724.652 ; gain = 0.000
Restored from archive | CPU: 0.000000 secs | Memory: 0.000000 MB |
Finished XDEF File Restore: Time (s): cpu = 00:00:00 ; elapsed = 00:00:00.120 . Memory (MB): peak = 1724.652 ; gain = 0.000
INFO: [Project 1-111] Unisim Transformation Summary:
  A total of 1 instances were transformed.
  LDCP => LDCP (GND, LUT3, LUT3, LDCE, VCC): 1 instances

open_run: Time (s): cpu = 00:00:10 ; elapsed = 00:00:21 . Memory (MB): peak = 1828.203 ; gain = 893.922
exit
INFO: [Common 17-206] Exiting Vivado at Thu Apr 25 11:54:40 2024...
