#-----------------------------------------------------------
# Vivado v2018.1 (64-bit)
# SW Build 2188600 on Wed Apr  4 18:40:38 MDT 2018
# IP Build 2185939 on Wed Apr  4 20:55:05 MDT 2018
# Start of session at: Thu Apr 25 11:59:55 2024
# Process ID: 23496
# Current directory: C:/Users/hp/Downloads/Nanoprocessor Design Competition - Group 23/Lab 9-10 Nanoprocessor Design Competition/Lab 9
# Command line: vivado.exe -gui_launcher_event rodinguilauncherevent19136 C:\Users\hp\Downloads\Nanoprocessor Design Competition - Group 23\Lab 9-10 Nanoprocessor Design Competition\Lab 9\Lab 9.xpr
# Log file: C:/Users/hp/Downloads/Nanoprocessor Design Competition - Group 23/Lab 9-10 Nanoprocessor Design Competition/Lab 9/vivado.log
# Journal file: C:/Users/hp/Downloads/Nanoprocessor Design Competition - Group 23/Lab 9-10 Nanoprocessor Design Competition/Lab 9\vivado.jou
#-----------------------------------------------------------
start_guopopen_project {C:/Users/hp/Downloads/Nanoprocessor Design Competition - Group 23/Lab 9-10 Nanoprocessor Design Competition/Lab 9/Lab 9.xpr}
INFO: [ProjectBase 1-489] The host OS only allows 260 characters in a normal path. The project is stored in a path with more than 80 characters. If you experience issues with IP, Block Designs, or files not being found, please consider moving the project to a location with a shorter path. Alternately consider using the OS subst command to map part of the path to a drive letter.
Current project path is 'C:/Users/hp/Downloads/Nanoprocessor Design Competition - Group 23/Lab 9-10 Nanoprocessor Design Competition/Lab 9'
INFO: [Project 1-313] Project file moved from 'C:/Users/hp/Downloads/nano/Lab 9/Lab 9' since last save.
Scanning sources...
Finished scanning sources
INFO: [IP_Flow 19-234] Refreshing IP repositories
INFO: [IP_Flow 19-1704] No user IP repositories specified
INFO: [IP_Flow 19-2313] Loaded Vivado IP repository 'C:/Xilinx/Vivado/2018.1/data/ip'.
open_project: Time (s): cpu = 00:00:02 ; elapsed = 00:00:07 . Memory (MB): peak = 954.398 ; gain = 188.172
update_compile_order -fileset sources_exexit
INFO: [Common 17-206] Exiting Vivado at Thu Apr 25 12:00:45 2024...
